同步目标目录: /Users/leoclaw/LeoObisidian_Macmini/00 Sources/GetNote
起始日期过滤: 2026-03-21
上次最新已同步 id: 1911315926961894544
  拉取列表 since_id=0 ...
  CREATED  id=1911316575500952104  file=2026-05-29 18-55 年轻一代的优秀让我充满好奇与思考.md
  CREATED  id=1911316359679363760  file=2026-05-29 18-54 个人成长与流量运营的深度对话：从恐惧驱动到主体性构建.md

同步完成。created=2  skipped=0  failed=0
同步目标目录: /Users/leoclaw/LeoObisidian_Macmini/00 Sources/GetNote
起始日期过滤: 2026-03-21
上次最新已同步 id: 1911316575500952104
  拉取列表 since_id=0 ...
  CREATED  id=1911365365256217128  file=2026-05-30 07-35 智元机器人的生态网络模式.md

同步完成。created=1  skipped=0  failed=0
同步目标目录: /Users/leoclaw/LeoObisidian_Macmini/00 Sources/GetNote
起始日期过滤: 2026-03-21
上次最新已同步 id: 1911365365256217128
  拉取列表 since_id=0 ...
  CREATED  id=1911468082619757712  file=2026-05-31 09-56 六一儿童节安排及家庭沟通记录.md

同步完成。created=1  skipped=0  failed=0
同步目标目录: /Users/leoclaw/LeoObisidian_Macmini/00 Sources/GetNote
起始日期过滤: 2026-03-21
上次最新已同步 id: 1911468082619757712
  拉取列表 since_id=0 ...

同步完成。created=0  skipped=0  failed=0
